2024-07-01 17:52:50 [main] INFO  c.m.u.UserManagementApplication - Starting UserManagementApplication using Java 17.0.10 with PID 6960 (C:\Users\Boot10\Downloads\user\target\classes started by Boot10 in C:\Users\Boot10\Downloads\user)
2024-07-01 17:52:50 [main] INFO  c.m.u.UserManagementApplication - No active profile set, falling back to 1 default profile: "default"
2024-07-01 17:52:52 [main] INFO  o.s.d.r.c.RepositoryConfigurationDelegate - Multiple Spring Data modules found, entering strict repository configuration mode
2024-07-01 17:52:52 [main] INFO  o.s.d.r.c.RepositoryConfigurationDelegate - Bootstrapping Spring Data JPA repositories in DEFAULT mode.
2024-07-01 17:52:52 [main] INFO  o.s.d.r.c.RepositoryConfigurationDelegate - Finished Spring Data repository scanning in 367 ms. Found 2 JPA repository interfaces.
2024-07-01 17:52:52 [main] INFO  o.s.d.r.c.RepositoryConfigurationDelegate - Multiple Spring Data modules found, entering strict repository configuration mode
2024-07-01 17:52:52 [main] INFO  o.s.d.r.c.RepositoryConfigurationDelegate - Bootstrapping Spring Data Redis repositories in DEFAULT mode.
2024-07-01 17:52:52 [main] INFO  o.s.d.r.c.RepositoryConfigurationExtensionSupport - Spring Data Redis - Could not safely identify store assignment for repository candidate interface com.manage.userManagement.repository.UserRepository; If you want this repository to be a Redis repository, consider annotating your entities with one of these annotations: org.springframework.data.redis.core.RedisHash (preferred), or consider extending one of the following types with your repository: org.springframework.data.keyvalue.repository.KeyValueRepository
2024-07-01 17:52:52 [main] INFO  o.s.d.r.c.RepositoryConfigurationExtensionSupport - Spring Data Redis - Could not safely identify store assignment for repository candidate interface com.manage.userManagement.repository.ValidTokenRepository; If you want this repository to be a Redis repository, consider annotating your entities with one of these annotations: org.springframework.data.redis.core.RedisHash (preferred), or consider extending one of the following types with your repository: org.springframework.data.keyvalue.repository.KeyValueRepository
2024-07-01 17:52:52 [main] INFO  o.s.d.r.c.RepositoryConfigurationDelegate - Finished Spring Data repository scanning in 12 ms. Found 0 Redis repository interfaces.
2024-07-01 17:52:54 [main] INFO  o.s.b.w.e.tomcat.TomcatWebServer - Tomcat initialized with port 8080 (http)
2024-07-01 17:52:54 [main] INFO  o.a.coyote.http11.Http11NioProtocol - Initializing ProtocolHandler ["http-nio-8080"]
2024-07-01 17:52:54 [main] INFO  o.a.catalina.core.StandardService - Starting service [Tomcat]
2024-07-01 17:52:54 [main] INFO  o.a.catalina.core.StandardEngine - Starting Servlet engine: [Apache Tomcat/10.1.24]
2024-07-01 17:52:54 [main] INFO  o.a.c.c.C.[Tomcat].[localhost].[/] - Initializing Spring embedded WebApplicationContext
2024-07-01 17:52:54 [main] INFO  o.s.b.w.s.c.ServletWebServerApplicationContext - Root WebApplicationContext: initialization completed in 3307 ms
2024-07-01 17:52:55 [main] INFO  o.s.o.j.p.SpringPersistenceUnitInfo - No LoadTimeWeaver setup: ignoring JPA class transformer
2024-07-01 17:52:55 [main] INFO  com.zaxxer.hikari.HikariDataSource - HikariPool-1 - Starting...
2024-07-01 17:52:55 [main] INFO  com.zaxxer.hikari.pool.HikariPool - HikariPool-1 - Added connection com.mysql.cj.jdbc.ConnectionImpl@1d0b447b
2024-07-01 17:52:55 [main] INFO  com.zaxxer.hikari.HikariDataSource - HikariPool-1 - Start completed.
2024-07-01 17:52:57 [main] INFO  o.s.o.j.LocalContainerEntityManagerFactoryBean - Initialized JPA EntityManagerFactory for persistence unit 'default'
2024-07-01 17:52:58 [main] WARN  o.s.b.a.o.j.JpaBaseConfiguration$JpaWebConfiguration - spring.jpa.open-in-view is enabled by default. Therefore, database queries may be performed during view rendering. Explicitly configure spring.jpa.open-in-view to disable this warning
2024-07-01 17:52:59 [main] INFO  o.s.s.web.DefaultSecurityFilterChain - Will secure any request with [org.springframework.security.web.session.DisableEncodeUrlFilter@6edd8d56, org.springframework.security.web.context.request.async.WebAsyncManagerIntegrationFilter@226f472, org.springframework.security.web.context.SecurityContextHolderFilter@79690a0a, org.springframework.security.web.header.HeaderWriterFilter@13617139, org.springframework.web.filter.CorsFilter@2360ebe2, org.springframework.security.web.authentication.logout.LogoutFilter@35ec3604, org.springframework.security.oauth2.server.resource.web.authentication.BearerTokenAuthenticationFilter@352288bc, org.springframework.security.web.savedrequest.RequestCacheAwareFilter@294aaa6, org.springframework.security.web.servletapi.SecurityContextHolderAwareRequestFilter@4548bfc7, org.springframework.security.web.authentication.AnonymousAuthenticationFilter@77fa2dcc, org.springframework.security.web.access.ExceptionTranslationFilter@4dfe5727, org.springframework.security.web.access.intercept.AuthorizationFilter@3ce60feb]
2024-07-01 17:52:59 [main] INFO  o.a.coyote.http11.Http11NioProtocol - Starting ProtocolHandler ["http-nio-8080"]
2024-07-01 17:52:59 [main] INFO  o.s.b.w.e.tomcat.TomcatWebServer - Tomcat started on port 8080 (http) with context path '/'
2024-07-01 17:52:59 [main] INFO  c.m.u.UserManagementApplication - Started UserManagementApplication in 9.478 seconds (process running for 10.539)
2024-07-01 17:53:32 [http-nio-8080-exec-2] INFO  o.a.c.c.C.[Tomcat].[localhost].[/] - Initializing Spring DispatcherServlet 'dispatcherServlet'
2024-07-01 17:53:32 [http-nio-8080-exec-2] INFO  o.s.web.servlet.DispatcherServlet - Initializing Servlet 'dispatcherServlet'
2024-07-01 17:53:32 [http-nio-8080-exec-2] INFO  o.s.web.servlet.DispatcherServlet - Completed initialization in 2 ms
2024-07-01 17:55:48 [SpringApplicationShutdownHook] INFO  o.s.o.j.LocalContainerEntityManagerFactoryBean - Closing JPA EntityManagerFactory for persistence unit 'default'
2024-07-01 17:55:48 [SpringApplicationShutdownHook] INFO  com.zaxxer.hikari.HikariDataSource - HikariPool-1 - Shutdown initiated...
2024-07-01 17:55:49 [SpringApplicationShutdownHook] INFO  com.zaxxer.hikari.HikariDataSource - HikariPool-1 - Shutdown completed.
2024-07-01 17:55:53 [main] INFO  c.m.u.UserManagementApplication - Starting UserManagementApplication using Java 17.0.10 with PID 8048 (C:\Users\Boot10\Downloads\user\target\classes started by Boot10 in C:\Users\Boot10\Downloads\user)
2024-07-01 17:55:54 [main] INFO  c.m.u.UserManagementApplication - No active profile set, falling back to 1 default profile: "default"
2024-07-01 17:55:55 [main] INFO  o.s.d.r.c.RepositoryConfigurationDelegate - Multiple Spring Data modules found, entering strict repository configuration mode
2024-07-01 17:55:55 [main] INFO  o.s.d.r.c.RepositoryConfigurationDelegate - Bootstrapping Spring Data JPA repositories in DEFAULT mode.
2024-07-01 17:55:55 [main] INFO  o.s.d.r.c.RepositoryConfigurationDelegate - Finished Spring Data repository scanning in 227 ms. Found 2 JPA repository interfaces.
2024-07-01 17:55:55 [main] INFO  o.s.d.r.c.RepositoryConfigurationDelegate - Multiple Spring Data modules found, entering strict repository configuration mode
2024-07-01 17:55:55 [main] INFO  o.s.d.r.c.RepositoryConfigurationDelegate - Bootstrapping Spring Data Redis repositories in DEFAULT mode.
2024-07-01 17:55:55 [main] INFO  o.s.d.r.c.RepositoryConfigurationExtensionSupport - Spring Data Redis - Could not safely identify store assignment for repository candidate interface com.manage.userManagement.repository.UserRepository; If you want this repository to be a Redis repository, consider annotating your entities with one of these annotations: org.springframework.data.redis.core.RedisHash (preferred), or consider extending one of the following types with your repository: org.springframework.data.keyvalue.repository.KeyValueRepository
2024-07-01 17:55:55 [main] INFO  o.s.d.r.c.RepositoryConfigurationExtensionSupport - Spring Data Redis - Could not safely identify store assignment for repository candidate interface com.manage.userManagement.repository.ValidTokenRepository; If you want this repository to be a Redis repository, consider annotating your entities with one of these annotations: org.springframework.data.redis.core.RedisHash (preferred), or consider extending one of the following types with your repository: org.springframework.data.keyvalue.repository.KeyValueRepository
2024-07-01 17:55:55 [main] INFO  o.s.d.r.c.RepositoryConfigurationDelegate - Finished Spring Data repository scanning in 13 ms. Found 0 Redis repository interfaces.
2024-07-01 17:55:56 [main] INFO  o.s.b.w.e.tomcat.TomcatWebServer - Tomcat initialized with port 8080 (http)
2024-07-01 17:55:56 [main] INFO  o.a.catalina.core.StandardService - Starting service [Tomcat]
2024-07-01 17:55:56 [main] INFO  o.a.catalina.core.StandardEngine - Starting Servlet engine: [Apache Tomcat/10.1.24]
2024-07-01 17:55:57 [main] INFO  o.a.c.c.C.[Tomcat].[localhost].[/] - Initializing Spring embedded WebApplicationContext
2024-07-01 17:55:57 [main] INFO  o.s.b.w.s.c.ServletWebServerApplicationContext - Root WebApplicationContext: initialization completed in 2926 ms
2024-07-01 17:55:57 [main] INFO  o.s.o.j.p.SpringPersistenceUnitInfo - No LoadTimeWeaver setup: ignoring JPA class transformer
2024-07-01 17:55:57 [main] INFO  com.zaxxer.hikari.HikariDataSource - HikariPool-1 - Starting...
2024-07-01 17:55:58 [main] INFO  com.zaxxer.hikari.pool.HikariPool - HikariPool-1 - Added connection com.mysql.cj.jdbc.ConnectionImpl@41026e5c
2024-07-01 17:55:58 [main] INFO  com.zaxxer.hikari.HikariDataSource - HikariPool-1 - Start completed.
2024-07-01 17:55:59 [main] INFO  o.s.o.j.LocalContainerEntityManagerFactoryBean - Initialized JPA EntityManagerFactory for persistence unit 'default'
2024-07-01 17:56:00 [main] WARN  o.s.b.a.o.j.JpaBaseConfiguration$JpaWebConfiguration - spring.jpa.open-in-view is enabled by default. Therefore, database queries may be performed during view rendering. Explicitly configure spring.jpa.open-in-view to disable this warning
2024-07-01 17:56:01 [main] INFO  o.s.s.web.DefaultSecurityFilterChain - Will secure any request with [org.springframework.security.web.session.DisableEncodeUrlFilter@4fd8aefe, org.springframework.security.web.context.request.async.WebAsyncManagerIntegrationFilter@4a59d584, org.springframework.security.web.context.SecurityContextHolderFilter@2d036335, org.springframework.security.web.header.HeaderWriterFilter@6da14f7f, org.springframework.web.filter.CorsFilter@60abe420, org.springframework.security.web.authentication.logout.LogoutFilter@5b3427c4, org.springframework.security.oauth2.server.resource.web.authentication.BearerTokenAuthenticationFilter@4a9c188f, org.springframework.security.web.savedrequest.RequestCacheAwareFilter@587df3e4, org.springframework.security.web.servletapi.SecurityContextHolderAwareRequestFilter@1131fcfd, org.springframework.security.web.authentication.AnonymousAuthenticationFilter@21e60eed, org.springframework.security.web.access.ExceptionTranslationFilter@57386162, org.springframework.security.web.access.intercept.AuthorizationFilter@1ef585bb]
2024-07-01 17:56:02 [main] INFO  o.s.b.w.e.tomcat.TomcatWebServer - Tomcat started on port 8080 (http) with context path '/'
2024-07-01 17:56:02 [main] INFO  c.m.u.UserManagementApplication - Started UserManagementApplication in 8.757 seconds (process running for 9.829)
2024-07-01 17:56:02 [main] DEBUG org.hibernate.SQL - select u1_0.id,u1_0.address,u1_0.dob,u1_0.email,u1_0.gender,u1_0.name,u1_0.number,u1_0.password,u1_0.role,u1_0.username from user u1_0 where u1_0.username=?
2024-07-01 17:56:10 [http-nio-8080-exec-1] INFO  o.a.c.c.C.[Tomcat].[localhost].[/] - Initializing Spring DispatcherServlet 'dispatcherServlet'
2024-07-01 17:56:10 [http-nio-8080-exec-1] INFO  o.s.web.servlet.DispatcherServlet - Initializing Servlet 'dispatcherServlet'
2024-07-01 17:56:10 [http-nio-8080-exec-1] INFO  o.s.web.servlet.DispatcherServlet - Completed initialization in 2 ms
2024-07-01 17:56:10 [http-nio-8080-exec-1] DEBUG org.hibernate.SQL - select vt1_0.id,vt1_0.expiry_time_refresh,vt1_0.refresh_token,vt1_0.token from tokens vt1_0 where vt1_0.refresh_token=?
2024-07-01 17:56:10 [http-nio-8080-exec-1] DEBUG org.hibernate.SQL - select u1_0.id,u1_0.address,u1_0.dob,u1_0.email,u1_0.gender,u1_0.name,u1_0.number,u1_0.password,u1_0.role,u1_0.username from user u1_0 where u1_0.username=?
2024-07-01 17:56:10 [http-nio-8080-exec-1] DEBUG org.hibernate.SQL - update tokens set expiry_time_refresh=?,refresh_token=?,token=? where id=?
2024-07-01 18:01:47 [SpringApplicationShutdownHook] INFO  o.s.o.j.LocalContainerEntityManagerFactoryBean - Closing JPA EntityManagerFactory for persistence unit 'default'
2024-07-01 18:01:47 [SpringApplicationShutdownHook] INFO  com.zaxxer.hikari.HikariDataSource - HikariPool-1 - Shutdown initiated...
2024-07-01 18:01:47 [SpringApplicationShutdownHook] INFO  com.zaxxer.hikari.HikariDataSource - HikariPool-1 - Shutdown completed.
2024-07-01 18:04:03 [main] INFO  c.m.u.UserManagementApplication - Starting UserManagementApplication using Java 17.0.10 with PID 14684 (C:\Users\Boot10\Downloads\user\target\classes started by Boot10 in C:\Users\Boot10\Downloads\user)
2024-07-01 18:04:03 [main] INFO  c.m.u.UserManagementApplication - No active profile set, falling back to 1 default profile: "default"
2024-07-01 18:04:04 [main] INFO  o.s.d.r.c.RepositoryConfigurationDelegate - Multiple Spring Data modules found, entering strict repository configuration mode
2024-07-01 18:04:04 [main] INFO  o.s.d.r.c.RepositoryConfigurationDelegate - Bootstrapping Spring Data JPA repositories in DEFAULT mode.
2024-07-01 18:04:04 [main] INFO  o.s.d.r.c.RepositoryConfigurationDelegate - Finished Spring Data repository scanning in 250 ms. Found 2 JPA repository interfaces.
2024-07-01 18:04:04 [main] INFO  o.s.d.r.c.RepositoryConfigurationDelegate - Multiple Spring Data modules found, entering strict repository configuration mode
2024-07-01 18:04:04 [main] INFO  o.s.d.r.c.RepositoryConfigurationDelegate - Bootstrapping Spring Data Redis repositories in DEFAULT mode.
2024-07-01 18:04:04 [main] INFO  o.s.d.r.c.RepositoryConfigurationExtensionSupport - Spring Data Redis - Could not safely identify store assignment for repository candidate interface com.manage.userManagement.repository.UserRepository; If you want this repository to be a Redis repository, consider annotating your entities with one of these annotations: org.springframework.data.redis.core.RedisHash (preferred), or consider extending one of the following types with your repository: org.springframework.data.keyvalue.repository.KeyValueRepository
2024-07-01 18:04:04 [main] INFO  o.s.d.r.c.RepositoryConfigurationExtensionSupport - Spring Data Redis - Could not safely identify store assignment for repository candidate interface com.manage.userManagement.repository.ValidTokenRepository; If you want this repository to be a Redis repository, consider annotating your entities with one of these annotations: org.springframework.data.redis.core.RedisHash (preferred), or consider extending one of the following types with your repository: org.springframework.data.keyvalue.repository.KeyValueRepository
2024-07-01 18:04:04 [main] INFO  o.s.d.r.c.RepositoryConfigurationDelegate - Finished Spring Data repository scanning in 12 ms. Found 0 Redis repository interfaces.
2024-07-01 18:04:05 [main] INFO  o.s.b.w.e.tomcat.TomcatWebServer - Tomcat initialized with port 8080 (http)
2024-07-01 18:04:05 [main] INFO  o.a.catalina.core.StandardService - Starting service [Tomcat]
2024-07-01 18:04:05 [main] INFO  o.a.catalina.core.StandardEngine - Starting Servlet engine: [Apache Tomcat/10.1.24]
2024-07-01 18:04:06 [main] INFO  o.a.c.c.C.[Tomcat].[localhost].[/] - Initializing Spring embedded WebApplicationContext
2024-07-01 18:04:06 [main] INFO  o.s.b.w.s.c.ServletWebServerApplicationContext - Root WebApplicationContext: initialization completed in 2948 ms
2024-07-01 18:04:07 [main] INFO  o.s.o.j.p.SpringPersistenceUnitInfo - No LoadTimeWeaver setup: ignoring JPA class transformer
2024-07-01 18:04:07 [main] INFO  com.zaxxer.hikari.HikariDataSource - HikariPool-1 - Starting...
2024-07-01 18:04:07 [main] INFO  com.zaxxer.hikari.pool.HikariPool - HikariPool-1 - Added connection com.mysql.cj.jdbc.ConnectionImpl@6d0a14c2
2024-07-01 18:04:07 [main] INFO  com.zaxxer.hikari.HikariDataSource - HikariPool-1 - Start completed.
2024-07-01 18:04:09 [main] INFO  o.s.o.j.LocalContainerEntityManagerFactoryBean - Initialized JPA EntityManagerFactory for persistence unit 'default'
2024-07-01 18:04:09 [main] WARN  o.s.b.a.o.j.JpaBaseConfiguration$JpaWebConfiguration - spring.jpa.open-in-view is enabled by default. Therefore, database queries may be performed during view rendering. Explicitly configure spring.jpa.open-in-view to disable this warning
2024-07-01 18:04:10 [main] INFO  o.s.s.web.DefaultSecurityFilterChain - Will secure any request with [org.springframework.security.web.session.DisableEncodeUrlFilter@4caca86d, org.springframework.security.web.context.request.async.WebAsyncManagerIntegrationFilter@4bf2c697, org.springframework.security.web.context.SecurityContextHolderFilter@2a5917f6, org.springframework.security.web.header.HeaderWriterFilter@6d58ed12, org.springframework.web.filter.CorsFilter@16a3d9a7, org.springframework.security.web.authentication.logout.LogoutFilter@5852605c, org.springframework.security.oauth2.server.resource.web.authentication.BearerTokenAuthenticationFilter@2c5e2a44, org.springframework.security.web.savedrequest.RequestCacheAwareFilter@558fa64a, org.springframework.security.web.servletapi.SecurityContextHolderAwareRequestFilter@189f2184, org.springframework.security.web.authentication.AnonymousAuthenticationFilter@24c94e95, org.springframework.security.web.access.ExceptionTranslationFilter@3d056418, org.springframework.security.web.access.intercept.AuthorizationFilter@28ab7ffb]
2024-07-01 18:04:10 [main] INFO  o.s.b.w.e.tomcat.TomcatWebServer - Tomcat started on port 8080 (http) with context path '/'
2024-07-01 18:04:11 [main] INFO  c.m.u.UserManagementApplication - Started UserManagementApplication in 8.601 seconds (process running for 9.644)
2024-07-01 18:04:11 [main] DEBUG org.hibernate.SQL - select u1_0.id,u1_0.address,u1_0.dob,u1_0.email,u1_0.gender,u1_0.name,u1_0.number,u1_0.password,u1_0.role,u1_0.username from user u1_0 where u1_0.username=?
2024-07-01 18:04:31 [http-nio-8080-exec-2] INFO  o.a.c.c.C.[Tomcat].[localhost].[/] - Initializing Spring DispatcherServlet 'dispatcherServlet'
2024-07-01 18:04:31 [http-nio-8080-exec-2] INFO  o.s.web.servlet.DispatcherServlet - Initializing Servlet 'dispatcherServlet'
2024-07-01 18:04:31 [http-nio-8080-exec-2] INFO  o.s.web.servlet.DispatcherServlet - Completed initialization in 2 ms
2024-07-01 18:04:31 [http-nio-8080-exec-2] DEBUG org.hibernate.SQL - select vt1_0.id,vt1_0.expiry_time_refresh,vt1_0.refresh_token,vt1_0.token from tokens vt1_0 where vt1_0.refresh_token=?
2024-07-01 18:04:32 [http-nio-8080-exec-2] DEBUG org.hibernate.SQL - select u1_0.id,u1_0.address,u1_0.dob,u1_0.email,u1_0.gender,u1_0.name,u1_0.number,u1_0.password,u1_0.role,u1_0.username from user u1_0 where u1_0.username=?
2024-07-01 18:04:32 [http-nio-8080-exec-2] DEBUG org.hibernate.SQL - update tokens set expiry_time_refresh=?,refresh_token=?,token=? where id=?
2024-07-01 18:04:42 [http-nio-8080-exec-3] ERROR c.m.u.controller.UserController - Check logger
2024-07-01 18:04:46 [http-nio-8080-exec-4] ERROR c.m.u.controller.UserController - Check logger
2024-07-01 18:05:27 [http-nio-8080-exec-7] DEBUG org.hibernate.SQL - insert into user (address,dob,email,gender,name,number,password,role,username) values (?,?,?,?,?,?,?,?,?)
2024-07-01 18:05:27 [http-nio-8080-exec-7] ERROR o.h.e.jdbc.spi.SqlExceptionHelper - Duplicate entry 'user10' for key 'user.UKsb8bbouer5wak8vyiiy4pf2bx'
2024-07-01 18:06:19 [http-nio-8080-exec-9] DEBUG org.hibernate.SQL - select vt1_0.id,vt1_0.expiry_time_refresh,vt1_0.refresh_token,vt1_0.token from tokens vt1_0 where vt1_0.refresh_token=?
2024-07-01 18:06:19 [http-nio-8080-exec-9] DEBUG org.hibernate.SQL - select u1_0.id,u1_0.address,u1_0.dob,u1_0.email,u1_0.gender,u1_0.name,u1_0.number,u1_0.password,u1_0.role,u1_0.username from user u1_0 where u1_0.username=?
2024-07-01 18:06:19 [http-nio-8080-exec-9] DEBUG org.hibernate.SQL - update tokens set expiry_time_refresh=?,refresh_token=?,token=? where id=?
2024-07-01 18:06:26 [http-nio-8080-exec-10] DEBUG org.hibernate.SQL - select u1_0.id,u1_0.address,u1_0.dob,u1_0.email,u1_0.gender,u1_0.name,u1_0.number,u1_0.password,u1_0.role,u1_0.username from user u1_0 where u1_0.username=?
2024-07-01 18:06:38 [SpringApplicationShutdownHook] INFO  o.s.o.j.LocalContainerEntityManagerFactoryBean - Closing JPA EntityManagerFactory for persistence unit 'default'
2024-07-01 18:06:38 [SpringApplicationShutdownHook] INFO  com.zaxxer.hikari.HikariDataSource - HikariPool-1 - Shutdown initiated...
2024-07-01 18:06:38 [SpringApplicationShutdownHook] INFO  com.zaxxer.hikari.HikariDataSource - HikariPool-1 - Shutdown completed.
