2024-07-09 22:42:18 [main] INFO  c.m.u.UserManagementApplication - Starting UserManagementApplication using Java 17.0.10 with PID 13816 (C:\Users\Boot10\Downloads\user\target\classes started by Boot10 in C:\Users\Boot10\Downloads\user)
2024-07-09 22:42:18 [main] INFO  c.m.u.UserManagementApplication - No active profile set, falling back to 1 default profile: "default"
2024-07-09 22:42:19 [main] INFO  o.s.d.r.c.RepositoryConfigurationDelegate - Multiple Spring Data modules found, entering strict repository configuration mode
2024-07-09 22:42:19 [main] INFO  o.s.d.r.c.RepositoryConfigurationDelegate - Bootstrapping Spring Data JPA repositories in DEFAULT mode.
2024-07-09 22:42:20 [main] INFO  o.s.d.r.c.RepositoryConfigurationDelegate - Finished Spring Data repository scanning in 257 ms. Found 2 JPA repository interfaces.
2024-07-09 22:42:20 [main] INFO  o.s.d.r.c.RepositoryConfigurationDelegate - Multiple Spring Data modules found, entering strict repository configuration mode
2024-07-09 22:42:20 [main] INFO  o.s.d.r.c.RepositoryConfigurationDelegate - Bootstrapping Spring Data Redis repositories in DEFAULT mode.
2024-07-09 22:42:20 [main] INFO  o.s.d.r.c.RepositoryConfigurationExtensionSupport - Spring Data Redis - Could not safely identify store assignment for repository candidate interface com.manage.userManagement.repository.UserRepository; If you want this repository to be a Redis repository, consider annotating your entities with one of these annotations: org.springframework.data.redis.core.RedisHash (preferred), or consider extending one of the following types with your repository: org.springframework.data.keyvalue.repository.KeyValueRepository
2024-07-09 22:42:20 [main] INFO  o.s.d.r.c.RepositoryConfigurationExtensionSupport - Spring Data Redis - Could not safely identify store assignment for repository candidate interface com.manage.userManagement.repository.ValidTokenRepository; If you want this repository to be a Redis repository, consider annotating your entities with one of these annotations: org.springframework.data.redis.core.RedisHash (preferred), or consider extending one of the following types with your repository: org.springframework.data.keyvalue.repository.KeyValueRepository
2024-07-09 22:42:20 [main] INFO  o.s.d.r.c.RepositoryConfigurationDelegate - Finished Spring Data repository scanning in 12 ms. Found 0 Redis repository interfaces.
2024-07-09 22:42:21 [main] INFO  o.s.b.w.e.tomcat.TomcatWebServer - Tomcat initialized with port 8080 (http)
2024-07-09 22:42:21 [main] INFO  o.a.catalina.core.StandardService - Starting service [Tomcat]
2024-07-09 22:42:21 [main] INFO  o.a.catalina.core.StandardEngine - Starting Servlet engine: [Apache Tomcat/10.1.24]
2024-07-09 22:42:21 [main] INFO  o.a.c.c.C.[Tomcat].[localhost].[/] - Initializing Spring embedded WebApplicationContext
2024-07-09 22:42:21 [main] INFO  o.s.b.w.s.c.ServletWebServerApplicationContext - Root WebApplicationContext: initialization completed in 3282 ms
2024-07-09 22:42:22 [main] INFO  o.s.o.j.p.SpringPersistenceUnitInfo - No LoadTimeWeaver setup: ignoring JPA class transformer
2024-07-09 22:42:22 [main] INFO  com.zaxxer.hikari.HikariDataSource - HikariPool-1 - Starting...
2024-07-09 22:42:27 [main] INFO  com.zaxxer.hikari.HikariDataSource - HikariPool-1 - Starting...
2024-07-09 22:42:30 [main] ERROR o.h.e.jdbc.spi.SqlExceptionHelper - Communications link failure

The last packet sent successfully to the server was 0 milliseconds ago. The driver has not received any packets from the server.
2024-07-09 22:42:30 [main] ERROR o.s.o.j.LocalContainerEntityManagerFactoryBean - Failed to initialize JPA EntityManagerFactory: [PersistenceUnit: default] Unable to build Hibernate SessionFactory; nested exception is org.hibernate.exception.JDBCConnectionException: Unable to open JDBC Connection for DDL execution [Communications link failure

The last packet sent successfully to the server was 0 milliseconds ago. The driver has not received any packets from the server.] [n/a]
2024-07-09 22:42:30 [main] WARN  o.s.b.w.s.c.AnnotationConfigServletWebServerApplicationContext - Exception encountered during context initialization - cancelling refresh attempt: org.springframework.beans.factory.BeanCreationException: Error creating bean with name 'entityManagerFactory' defined in class path resource [org/springframework/boot/autoconfigure/orm/jpa/HibernateJpaConfiguration.class]: [PersistenceUnit: default] Unable to build Hibernate SessionFactory; nested exception is org.hibernate.exception.JDBCConnectionException: Unable to open JDBC Connection for DDL execution [Communications link failure

The last packet sent successfully to the server was 0 milliseconds ago. The driver has not received any packets from the server.] [n/a]
2024-07-09 22:42:30 [main] INFO  o.a.catalina.core.StandardService - Stopping service [Tomcat]
2024-07-09 22:42:30 [main] INFO  o.s.b.a.l.ConditionEvaluationReportLogger - 

Error starting ApplicationContext. To display the condition evaluation report re-run your application with 'debug' enabled.
2024-07-09 22:42:30 [main] ERROR o.s.boot.SpringApplication - Application run failed
org.springframework.beans.factory.BeanCreationException: Error creating bean with name 'entityManagerFactory' defined in class path resource [org/springframework/boot/autoconfigure/orm/jpa/HibernateJpaConfiguration.class]: [PersistenceUnit: default] Unable to build Hibernate SessionFactory; nested exception is org.hibernate.exception.JDBCConnectionException: Unable to open JDBC Connection for DDL execution [Communications link failure

The last packet sent successfully to the server was 0 milliseconds ago. The driver has not received any packets from the server.] [n/a]
	at org.springframework.beans.factory.support.AbstractAutowireCapableBeanFactory.initializeBean(AbstractAutowireCapableBeanFactory.java:1788)
	at org.springframework.beans.factory.support.AbstractAutowireCapableBeanFactory.doCreateBean(AbstractAutowireCapableBeanFactory.java:600)
	at org.springframework.beans.factory.support.AbstractAutowireCapableBeanFactory.createBean(AbstractAutowireCapableBeanFactory.java:522)
	at org.springframework.beans.factory.support.AbstractBeanFactory.lambda$doGetBean$0(AbstractBeanFactory.java:337)
	at org.springframework.beans.factory.support.DefaultSingletonBeanRegistry.getSingleton(DefaultSingletonBeanRegistry.java:234)
	at org.springframework.beans.factory.support.AbstractBeanFactory.doGetBean(AbstractBeanFactory.java:335)
	at org.springframework.beans.factory.support.AbstractBeanFactory.getBean(AbstractBeanFactory.java:205)
	at org.springframework.context.support.AbstractApplicationContext.finishBeanFactoryInitialization(AbstractApplicationContext.java:952)
	at org.springframework.context.support.AbstractApplicationContext.refresh(AbstractApplicationContext.java:624)
	at org.springframework.boot.web.servlet.context.ServletWebServerApplicationContext.refresh(ServletWebServerApplicationContext.java:146)
	at org.springframework.boot.SpringApplication.refresh(SpringApplication.java:754)
	at org.springframework.boot.SpringApplication.refreshContext(SpringApplication.java:456)
	at org.springframework.boot.SpringApplication.run(SpringApplication.java:335)
	at org.springframework.boot.SpringApplication.run(SpringApplication.java:1363)
	at org.springframework.boot.SpringApplication.run(SpringApplication.java:1352)
	at com.manage.userManagement.UserManagementApplication.main(UserManagementApplication.java:10)
Caused by: jakarta.persistence.PersistenceException: [PersistenceUnit: default] Unable to build Hibernate SessionFactory; nested exception is org.hibernate.exception.JDBCConnectionException: Unable to open JDBC Connection for DDL execution [Communications link failure

The last packet sent successfully to the server was 0 milliseconds ago. The driver has not received any packets from the server.] [n/a]
	at org.springframework.orm.jpa.AbstractEntityManagerFactoryBean.buildNativeEntityManagerFactory(AbstractEntityManagerFactoryBean.java:421)
	at org.springframework.orm.jpa.AbstractEntityManagerFactoryBean.afterPropertiesSet(AbstractEntityManagerFactoryBean.java:396)
	at org.springframework.orm.jpa.LocalContainerEntityManagerFactoryBean.afterPropertiesSet(LocalContainerEntityManagerFactoryBean.java:366)
	at org.springframework.beans.factory.support.AbstractAutowireCapableBeanFactory.invokeInitMethods(AbstractAutowireCapableBeanFactory.java:1835)
	at org.springframework.beans.factory.support.AbstractAutowireCapableBeanFactory.initializeBean(AbstractAutowireCapableBeanFactory.java:1784)
	... 15 common frames omitted
Caused by: org.hibernate.exception.JDBCConnectionException: Unable to open JDBC Connection for DDL execution [Communications link failure

The last packet sent successfully to the server was 0 milliseconds ago. The driver has not received any packets from the server.] [n/a]
	at org.hibernate.exception.internal.SQLStateConversionDelegate.convert(SQLStateConversionDelegate.java:100)
	at org.hibernate.exception.internal.StandardSQLExceptionConverter.convert(StandardSQLExceptionConverter.java:58)
	at org.hibernate.engine.jdbc.spi.SqlExceptionHelper.convert(SqlExceptionHelper.java:108)
	at org.hibernate.engine.jdbc.spi.SqlExceptionHelper.convert(SqlExceptionHelper.java:94)
	at org.hibernate.resource.transaction.backend.jdbc.internal.DdlTransactionIsolatorNonJtaImpl.getIsolatedConnection(DdlTransactionIsolatorNonJtaImpl.java:74)
	at org.hibernate.resource.transaction.backend.jdbc.internal.DdlTransactionIsolatorNonJtaImpl.getIsolatedConnection(DdlTransactionIsolatorNonJtaImpl.java:39)
	at org.hibernate.tool.schema.internal.exec.ImprovedExtractionContextImpl.getJdbcConnection(ImprovedExtractionContextImpl.java:63)
	at org.hibernate.tool.schema.internal.exec.ImprovedExtractionContextImpl.getJdbcDatabaseMetaData(ImprovedExtractionContextImpl.java:70)
	at org.hibernate.tool.schema.extract.internal.InformationExtractorJdbcDatabaseMetaDataImpl.processTableResultSet(InformationExtractorJdbcDatabaseMetaDataImpl.java:65)
	at org.hibernate.tool.schema.extract.internal.AbstractInformationExtractorImpl.getTables(AbstractInformationExtractorImpl.java:570)
	at org.hibernate.tool.schema.extract.internal.DatabaseInformationImpl.getTablesInformation(DatabaseInformationImpl.java:122)
	at org.hibernate.tool.schema.internal.GroupedSchemaMigratorImpl.performTablesMigration(GroupedSchemaMigratorImpl.java:72)
	at org.hibernate.tool.schema.internal.AbstractSchemaMigrator.performMigration(AbstractSchemaMigrator.java:232)
	at org.hibernate.tool.schema.internal.AbstractSchemaMigrator.doMigration(AbstractSchemaMigrator.java:117)
	at org.hibernate.tool.schema.spi.SchemaManagementToolCoordinator.performDatabaseAction(SchemaManagementToolCoordinator.java:280)
	at org.hibernate.tool.schema.spi.SchemaManagementToolCoordinator.lambda$process$5(SchemaManagementToolCoordinator.java:144)
	at java.base/java.util.HashMap.forEach(HashMap.java:1421)
	at org.hibernate.tool.schema.spi.SchemaManagementToolCoordinator.process(SchemaManagementToolCoordinator.java:141)
	at org.hibernate.boot.internal.SessionFactoryObserverForSchemaExport.sessionFactoryCreated(SessionFactoryObserverForSchemaExport.java:37)
	at org.hibernate.internal.SessionFactoryObserverChain.sessionFactoryCreated(SessionFactoryObserverChain.java:35)
	at org.hibernate.internal.SessionFactoryImpl.<init>(SessionFactoryImpl.java:322)
	at org.hibernate.boot.internal.SessionFactoryBuilderImpl.build(SessionFactoryBuilderImpl.java:457)
	at org.hibernate.jpa.boot.internal.EntityManagerFactoryBuilderImpl.build(EntityManagerFactoryBuilderImpl.java:1506)
	at org.springframework.orm.jpa.vendor.SpringHibernateJpaPersistenceProvider.createContainerEntityManagerFactory(SpringHibernateJpaPersistenceProvider.java:75)
	at org.springframework.orm.jpa.LocalContainerEntityManagerFactoryBean.createNativeEntityManagerFactory(LocalContainerEntityManagerFactoryBean.java:390)
	at org.springframework.orm.jpa.AbstractEntityManagerFactoryBean.buildNativeEntityManagerFactory(AbstractEntityManagerFactoryBean.java:409)
	... 19 common frames omitted
Caused by: com.mysql.cj.jdbc.exceptions.CommunicationsException: Communications link failure

The last packet sent successfully to the server was 0 milliseconds ago. The driver has not received any packets from the server.
	at com.mysql.cj.jdbc.exceptions.SQLError.createCommunicationsException(SQLError.java:174)
	at com.mysql.cj.jdbc.exceptions.SQLExceptionsMapping.translateException(SQLExceptionsMapping.java:64)
	at com.mysql.cj.jdbc.ConnectionImpl.createNewIO(ConnectionImpl.java:815)
	at com.mysql.cj.jdbc.ConnectionImpl.<init>(ConnectionImpl.java:438)
	at com.mysql.cj.jdbc.ConnectionImpl.getInstance(ConnectionImpl.java:241)
	at com.mysql.cj.jdbc.NonRegisteringDriver.connect(NonRegisteringDriver.java:189)
	at com.zaxxer.hikari.util.DriverDataSource.getConnection(DriverDataSource.java:137)
	at com.zaxxer.hikari.pool.PoolBase.newConnection(PoolBase.java:360)
	at com.zaxxer.hikari.pool.PoolBase.newPoolEntry(PoolBase.java:202)
	at com.zaxxer.hikari.pool.HikariPool.createPoolEntry(HikariPool.java:461)
	at com.zaxxer.hikari.pool.HikariPool.checkFailFast(HikariPool.java:550)
	at com.zaxxer.hikari.pool.HikariPool.<init>(HikariPool.java:98)
	at com.zaxxer.hikari.HikariDataSource.getConnection(HikariDataSource.java:111)
	at org.hibernate.engine.jdbc.connections.internal.DatasourceConnectionProviderImpl.getConnection(DatasourceConnectionProviderImpl.java:122)
	at org.hibernate.engine.jdbc.env.internal.JdbcEnvironmentInitiator$ConnectionProviderJdbcConnectionAccess.obtainConnection(JdbcEnvironmentInitiator.java:437)
	at org.hibernate.resource.transaction.backend.jdbc.internal.DdlTransactionIsolatorNonJtaImpl.getIsolatedConnection(DdlTransactionIsolatorNonJtaImpl.java:46)
	... 40 common frames omitted
Caused by: com.mysql.cj.exceptions.CJCommunicationsException: Communications link failure

The last packet sent successfully to the server was 0 milliseconds ago. The driver has not received any packets from the server.
	at java.base/jdk.internal.reflect.NativeConstructorAccessorImpl.newInstance0(Native Method)
	at java.base/jdk.internal.reflect.NativeConstructorAccessorImpl.newInstance(NativeConstructorAccessorImpl.java:77)
	at java.base/jdk.internal.reflect.DelegatingConstructorAccessorImpl.newInstance(DelegatingConstructorAccessorImpl.java:45)
	at java.base/java.lang.reflect.Constructor.newInstanceWithCaller(Constructor.java:499)
	at java.base/java.lang.reflect.Constructor.newInstance(Constructor.java:480)
	at com.mysql.cj.exceptions.ExceptionFactory.createException(ExceptionFactory.java:61)
	at com.mysql.cj.exceptions.ExceptionFactory.createException(ExceptionFactory.java:104)
	at com.mysql.cj.exceptions.ExceptionFactory.createException(ExceptionFactory.java:149)
	at com.mysql.cj.exceptions.ExceptionFactory.createCommunicationsException(ExceptionFactory.java:165)
	at com.mysql.cj.protocol.a.NativeSocketConnection.connect(NativeSocketConnection.java:88)
	at com.mysql.cj.NativeSession.connect(NativeSession.java:120)
	at com.mysql.cj.jdbc.ConnectionImpl.connectOneTryOnly(ConnectionImpl.java:935)
	at com.mysql.cj.jdbc.ConnectionImpl.createNewIO(ConnectionImpl.java:805)
	... 53 common frames omitted
Caused by: java.net.ConnectException: Connection refused: no further information
	at java.base/sun.nio.ch.Net.pollConnect(Native Method)
	at java.base/sun.nio.ch.Net.pollConnectNow(Net.java:672)
	at java.base/sun.nio.ch.NioSocketImpl.timedFinishConnect(NioSocketImpl.java:554)
	at java.base/sun.nio.ch.NioSocketImpl.connect(NioSocketImpl.java:602)
	at java.base/java.net.SocksSocketImpl.connect(SocksSocketImpl.java:327)
	at java.base/java.net.Socket.connect(Socket.java:633)
	at com.mysql.cj.protocol.StandardSocketFactory.connect(StandardSocketFactory.java:153)
	at com.mysql.cj.protocol.a.NativeSocketConnection.connect(NativeSocketConnection.java:62)
	... 56 common frames omitted
2024-07-09 22:43:06 [main] INFO  c.m.u.UserManagementApplication - Starting UserManagementApplication using Java 17.0.10 with PID 13332 (C:\Users\Boot10\Downloads\user\target\classes started by Boot10 in C:\Users\Boot10\Downloads\user)
2024-07-09 22:43:06 [main] INFO  c.m.u.UserManagementApplication - No active profile set, falling back to 1 default profile: "default"
2024-07-09 22:43:08 [main] INFO  o.s.d.r.c.RepositoryConfigurationDelegate - Multiple Spring Data modules found, entering strict repository configuration mode
2024-07-09 22:43:08 [main] INFO  o.s.d.r.c.RepositoryConfigurationDelegate - Bootstrapping Spring Data JPA repositories in DEFAULT mode.
2024-07-09 22:43:08 [main] INFO  o.s.d.r.c.RepositoryConfigurationDelegate - Finished Spring Data repository scanning in 296 ms. Found 2 JPA repository interfaces.
2024-07-09 22:43:08 [main] INFO  o.s.d.r.c.RepositoryConfigurationDelegate - Multiple Spring Data modules found, entering strict repository configuration mode
2024-07-09 22:43:08 [main] INFO  o.s.d.r.c.RepositoryConfigurationDelegate - Bootstrapping Spring Data Redis repositories in DEFAULT mode.
2024-07-09 22:43:08 [main] INFO  o.s.d.r.c.RepositoryConfigurationExtensionSupport - Spring Data Redis - Could not safely identify store assignment for repository candidate interface com.manage.userManagement.repository.UserRepository; If you want this repository to be a Redis repository, consider annotating your entities with one of these annotations: org.springframework.data.redis.core.RedisHash (preferred), or consider extending one of the following types with your repository: org.springframework.data.keyvalue.repository.KeyValueRepository
2024-07-09 22:43:08 [main] INFO  o.s.d.r.c.RepositoryConfigurationExtensionSupport - Spring Data Redis - Could not safely identify store assignment for repository candidate interface com.manage.userManagement.repository.ValidTokenRepository; If you want this repository to be a Redis repository, consider annotating your entities with one of these annotations: org.springframework.data.redis.core.RedisHash (preferred), or consider extending one of the following types with your repository: org.springframework.data.keyvalue.repository.KeyValueRepository
2024-07-09 22:43:08 [main] INFO  o.s.d.r.c.RepositoryConfigurationDelegate - Finished Spring Data repository scanning in 16 ms. Found 0 Redis repository interfaces.
2024-07-09 22:43:09 [main] INFO  o.s.b.w.e.tomcat.TomcatWebServer - Tomcat initialized with port 8080 (http)
2024-07-09 22:43:09 [main] INFO  o.a.catalina.core.StandardService - Starting service [Tomcat]
2024-07-09 22:43:09 [main] INFO  o.a.catalina.core.StandardEngine - Starting Servlet engine: [Apache Tomcat/10.1.24]
2024-07-09 22:43:09 [main] INFO  o.a.c.c.C.[Tomcat].[localhost].[/] - Initializing Spring embedded WebApplicationContext
2024-07-09 22:43:09 [main] INFO  o.s.b.w.s.c.ServletWebServerApplicationContext - Root WebApplicationContext: initialization completed in 3139 ms
2024-07-09 22:43:10 [main] INFO  o.s.o.j.p.SpringPersistenceUnitInfo - No LoadTimeWeaver setup: ignoring JPA class transformer
2024-07-09 22:43:10 [main] INFO  com.zaxxer.hikari.HikariDataSource - HikariPool-1 - Starting...
2024-07-09 22:43:11 [main] INFO  com.zaxxer.hikari.pool.HikariPool - HikariPool-1 - Added connection com.mysql.cj.jdbc.ConnectionImpl@2e8986b6
2024-07-09 22:43:11 [main] INFO  com.zaxxer.hikari.HikariDataSource - HikariPool-1 - Start completed.
2024-07-09 22:43:13 [main] INFO  o.s.o.j.LocalContainerEntityManagerFactoryBean - Initialized JPA EntityManagerFactory for persistence unit 'default'
2024-07-09 22:43:14 [main] INFO  c.m.u.service.MailSenderService - Consumer group created: EMAIL_GROUP
2024-07-09 22:43:14 [main] INFO  c.m.u.service.MailSenderService - create consumer consumer1
2024-07-09 22:43:14 [main] INFO  c.m.u.service.MailSenderService - create consumer consumer2
2024-07-09 22:43:14 [main] INFO  c.m.u.service.MailSenderService - create consumer consumer3
2024-07-09 22:43:15 [main] WARN  o.s.b.a.o.j.JpaBaseConfiguration$JpaWebConfiguration - spring.jpa.open-in-view is enabled by default. Therefore, database queries may be performed during view rendering. Explicitly configure spring.jpa.open-in-view to disable this warning
2024-07-09 22:43:15 [main] DEBUG o.s.w.s.m.m.a.RequestMappingHandlerMapping - 13 mappings in 'requestMappingHandlerMapping'
2024-07-09 22:43:15 [main] DEBUG o.s.w.s.h.SimpleUrlHandlerMapping - Patterns [/webjars/**, /**] in 'resourceHandlerMapping'
2024-07-09 22:43:15 [main] INFO  o.s.s.web.DefaultSecurityFilterChain - Will secure any request with [org.springframework.security.web.session.DisableEncodeUrlFilter@5546a9e0, org.springframework.security.web.context.request.async.WebAsyncManagerIntegrationFilter@1c027237, org.springframework.security.web.context.SecurityContextHolderFilter@3818609f, org.springframework.security.web.header.HeaderWriterFilter@66008321, org.springframework.web.filter.CorsFilter@4cb37177, org.springframework.security.web.authentication.logout.LogoutFilter@316745d8, org.springframework.security.oauth2.server.resource.web.authentication.BearerTokenAuthenticationFilter@37acf9b1, org.springframework.security.web.savedrequest.RequestCacheAwareFilter@2b3cbc2c, org.springframework.security.web.servletapi.SecurityContextHolderAwareRequestFilter@2fbc704a, org.springframework.security.web.authentication.AnonymousAuthenticationFilter@1f9a3640, org.springframework.security.web.access.ExceptionTranslationFilter@6e681c3b, org.springframework.security.web.access.intercept.AuthorizationFilter@488bf7cd]
2024-07-09 22:43:15 [main] DEBUG o.s.w.s.m.m.a.RequestMappingHandlerAdapter - ControllerAdvice beans: 0 @ModelAttribute, 0 @InitBinder, 1 RequestBodyAdvice, 1 ResponseBodyAdvice
2024-07-09 22:43:15 [main] DEBUG o.s.w.s.m.m.a.ExceptionHandlerExceptionResolver - ControllerAdvice beans: 1 @ExceptionHandler, 1 ResponseBodyAdvice
2024-07-09 22:43:16 [main] INFO  o.s.b.w.e.tomcat.TomcatWebServer - Tomcat started on port 8080 (http) with context path '/'
2024-07-09 22:43:16 [main] INFO  c.m.u.UserManagementApplication - Started UserManagementApplication in 10.367 seconds (process running for 11.981)
2024-07-09 22:43:16 [main] DEBUG org.hibernate.SQL - select u1_0.id,u1_0.address,u1_0.dob,u1_0.email,u1_0.gender,u1_0.name,u1_0.number,u1_0.password,u1_0.role,u1_0.username from user u1_0 where u1_0.username=?
2024-07-09 22:45:49 [http-nio-8080-exec-2] INFO  o.a.c.c.C.[Tomcat].[localhost].[/] - Initializing Spring DispatcherServlet 'dispatcherServlet'
2024-07-09 22:45:49 [http-nio-8080-exec-2] INFO  o.s.web.servlet.DispatcherServlet - Initializing Servlet 'dispatcherServlet'
2024-07-09 22:45:49 [http-nio-8080-exec-2] DEBUG o.s.web.servlet.DispatcherServlet - Detected StandardServletMultipartResolver
2024-07-09 22:45:49 [http-nio-8080-exec-2] DEBUG o.s.web.servlet.DispatcherServlet - Detected AcceptHeaderLocaleResolver
2024-07-09 22:45:49 [http-nio-8080-exec-2] DEBUG o.s.web.servlet.DispatcherServlet - Detected FixedThemeResolver
2024-07-09 22:45:49 [http-nio-8080-exec-2] DEBUG o.s.web.servlet.DispatcherServlet - Detected org.springframework.web.servlet.view.DefaultRequestToViewNameTranslator@5de769c8
2024-07-09 22:45:49 [http-nio-8080-exec-2] DEBUG o.s.web.servlet.DispatcherServlet - Detected org.springframework.web.servlet.support.SessionFlashMapManager@5f8089d2
2024-07-09 22:45:49 [http-nio-8080-exec-2] DEBUG o.s.web.servlet.DispatcherServlet - enableLoggingRequestDetails='false': request parameters and headers will be masked to prevent unsafe logging of potentially sensitive data
2024-07-09 22:45:49 [http-nio-8080-exec-2] INFO  o.s.web.servlet.DispatcherServlet - Completed initialization in 12 ms
2024-07-09 22:45:49 [http-nio-8080-exec-2] DEBUG o.s.web.servlet.DispatcherServlet - POST "/email/send", parameters={}
2024-07-09 22:45:49 [http-nio-8080-exec-2] DEBUG o.s.w.s.m.m.a.RequestMappingHandlerMapping - Mapped to com.manage.userManagement.controller.MailSenderController#emailSender(EmailSenderRequest)
2024-07-09 22:45:50 [http-nio-8080-exec-2] DEBUG o.s.w.s.m.m.a.RequestResponseBodyMethodProcessor - Read "application/json;charset=UTF-8" to [EmailSenderRequest(to=ngthanhtamtb@gmail.com, subject=no-reply, body=No rep)]
2024-07-09 22:45:50 [SimpleAsyncTaskExecutor-1] ERROR o.s.d.r.s.DefaultStreamMessageListenerContainer$LoggingErrorHandler - Unexpected error occurred in scheduled task
org.springframework.core.convert.ConversionFailedException: Failed to convert from type [org.springframework.data.redis.connection.stream.StreamRecords$ByteMapBackedRecord] to type [com.manage.userManagement.dto.request.EmailSenderRequest] for value [org.springframework.data.redis.connection.stream.StreamRecords$ByteMapBackedRecord@1194625c]
	at org.springframework.data.redis.stream.StreamPollTask.convertRecord(StreamPollTask.java:178)
	at org.springframework.data.redis.stream.StreamPollTask.deserializeAndEmitRecords(StreamPollTask.java:156)
	at org.springframework.data.redis.stream.StreamPollTask.doLoop(StreamPollTask.java:128)
	at org.springframework.data.redis.stream.StreamPollTask.run(StreamPollTask.java:112)
	at java.base/java.lang.Thread.run(Thread.java:842)
Caused by: java.lang.IllegalArgumentException: Value must not be null
	at org.springframework.util.Assert.notNull(Assert.java:172)
	at org.springframework.data.redis.connection.stream.Record.of(Record.java:99)
	at org.springframework.data.redis.connection.stream.MapRecord.toObjectRecord(MapRecord.java:139)
	at org.springframework.data.redis.core.StreamObjectMapper.toObjectRecord(StreamObjectMapper.java:137)
	at org.springframework.data.redis.core.StreamOperations.map(StreamOperations.java:623)
	at org.springframework.data.redis.stream.DefaultStreamMessageListenerContainer.lambda$getDeserializer$2(DefaultStreamMessageListenerContainer.java:217)
	at org.springframework.data.redis.stream.StreamPollTask.convertRecord(StreamPollTask.java:176)
	... 4 common frames omitted
2024-07-09 22:45:50 [SimpleAsyncTaskExecutor-2] ERROR o.s.d.r.s.DefaultStreamMessageListenerContainer$LoggingErrorHandler - Unexpected error occurred in scheduled task
org.springframework.core.convert.ConversionFailedException: Failed to convert from type [org.springframework.data.redis.connection.stream.StreamRecords$ByteMapBackedRecord] to type [com.manage.userManagement.dto.request.EmailSenderRequest] for value [org.springframework.data.redis.connection.stream.StreamRecords$ByteMapBackedRecord@7b196061]
	at org.springframework.data.redis.stream.StreamPollTask.convertRecord(StreamPollTask.java:178)
	at org.springframework.data.redis.stream.StreamPollTask.deserializeAndEmitRecords(StreamPollTask.java:156)
	at org.springframework.data.redis.stream.StreamPollTask.doLoop(StreamPollTask.java:128)
	at org.springframework.data.redis.stream.StreamPollTask.run(StreamPollTask.java:112)
	at java.base/java.lang.Thread.run(Thread.java:842)
Caused by: java.lang.IllegalArgumentException: Value must not be null
	at org.springframework.util.Assert.notNull(Assert.java:172)
	at org.springframework.data.redis.connection.stream.Record.of(Record.java:99)
	at org.springframework.data.redis.connection.stream.MapRecord.toObjectRecord(MapRecord.java:139)
	at org.springframework.data.redis.core.StreamObjectMapper.toObjectRecord(StreamObjectMapper.java:137)
	at org.springframework.data.redis.core.StreamOperations.map(StreamOperations.java:623)
	at org.springframework.data.redis.stream.DefaultStreamMessageListenerContainer.lambda$getDeserializer$2(DefaultStreamMessageListenerContainer.java:217)
	at org.springframework.data.redis.stream.StreamPollTask.convertRecord(StreamPollTask.java:176)
	... 4 common frames omitted
2024-07-09 22:45:50 [SimpleAsyncTaskExecutor-3] ERROR o.s.d.r.s.DefaultStreamMessageListenerContainer$LoggingErrorHandler - Unexpected error occurred in scheduled task
org.springframework.core.convert.ConversionFailedException: Failed to convert from type [org.springframework.data.redis.connection.stream.StreamRecords$ByteMapBackedRecord] to type [com.manage.userManagement.dto.request.EmailSenderRequest] for value [org.springframework.data.redis.connection.stream.StreamRecords$ByteMapBackedRecord@73bf7401]
	at org.springframework.data.redis.stream.StreamPollTask.convertRecord(StreamPollTask.java:178)
	at org.springframework.data.redis.stream.StreamPollTask.deserializeAndEmitRecords(StreamPollTask.java:156)
	at org.springframework.data.redis.stream.StreamPollTask.doLoop(StreamPollTask.java:128)
	at org.springframework.data.redis.stream.StreamPollTask.run(StreamPollTask.java:112)
	at java.base/java.lang.Thread.run(Thread.java:842)
Caused by: java.lang.IllegalArgumentException: Value must not be null
	at org.springframework.util.Assert.notNull(Assert.java:172)
	at org.springframework.data.redis.connection.stream.Record.of(Record.java:99)
	at org.springframework.data.redis.connection.stream.MapRecord.toObjectRecord(MapRecord.java:139)
	at org.springframework.data.redis.core.StreamObjectMapper.toObjectRecord(StreamObjectMapper.java:137)
	at org.springframework.data.redis.core.StreamOperations.map(StreamOperations.java:623)
	at org.springframework.data.redis.stream.DefaultStreamMessageListenerContainer.lambda$getDeserializer$2(DefaultStreamMessageListenerContainer.java:217)
	at org.springframework.data.redis.stream.StreamPollTask.convertRecord(StreamPollTask.java:176)
	... 4 common frames omitted
2024-07-09 22:45:50 [http-nio-8080-exec-2] DEBUG o.s.w.s.m.m.a.HttpEntityMethodProcessor - Using 'text/plain', given [*/*] and supported [text/plain, */*, application/json, application/*+json]
2024-07-09 22:45:50 [http-nio-8080-exec-2] DEBUG o.s.w.s.m.m.a.HttpEntityMethodProcessor - Writing ["Email event sent!!!"]
2024-07-09 22:45:50 [http-nio-8080-exec-2] DEBUG o.s.web.servlet.DispatcherServlet - Completed 200 OK
2024-07-09 22:49:43 [SpringApplicationShutdownHook] INFO  o.s.o.j.LocalContainerEntityManagerFactoryBean - Closing JPA EntityManagerFactory for persistence unit 'default'
2024-07-09 22:49:43 [SpringApplicationShutdownHook] INFO  com.zaxxer.hikari.HikariDataSource - HikariPool-1 - Shutdown initiated...
2024-07-09 22:49:43 [SpringApplicationShutdownHook] INFO  com.zaxxer.hikari.HikariDataSource - HikariPool-1 - Shutdown completed.
2024-07-09 22:49:52 [main] INFO  c.m.u.UserManagementApplication - Starting UserManagementApplication using Java 17.0.10 with PID 5920 (C:\Users\Boot10\Downloads\user\target\classes started by Boot10 in C:\Users\Boot10\Downloads\user)
2024-07-09 22:49:52 [main] INFO  c.m.u.UserManagementApplication - No active profile set, falling back to 1 default profile: "default"
2024-07-09 22:49:53 [main] INFO  o.s.d.r.c.RepositoryConfigurationDelegate - Multiple Spring Data modules found, entering strict repository configuration mode
2024-07-09 22:49:53 [main] INFO  o.s.d.r.c.RepositoryConfigurationDelegate - Bootstrapping Spring Data JPA repositories in DEFAULT mode.
2024-07-09 22:49:54 [main] INFO  o.s.d.r.c.RepositoryConfigurationDelegate - Finished Spring Data repository scanning in 250 ms. Found 2 JPA repository interfaces.
2024-07-09 22:49:54 [main] INFO  o.s.d.r.c.RepositoryConfigurationDelegate - Multiple Spring Data modules found, entering strict repository configuration mode
2024-07-09 22:49:54 [main] INFO  o.s.d.r.c.RepositoryConfigurationDelegate - Bootstrapping Spring Data Redis repositories in DEFAULT mode.
2024-07-09 22:49:54 [main] INFO  o.s.d.r.c.RepositoryConfigurationExtensionSupport - Spring Data Redis - Could not safely identify store assignment for repository candidate interface com.manage.userManagement.repository.UserRepository; If you want this repository to be a Redis repository, consider annotating your entities with one of these annotations: org.springframework.data.redis.core.RedisHash (preferred), or consider extending one of the following types with your repository: org.springframework.data.keyvalue.repository.KeyValueRepository
2024-07-09 22:49:54 [main] INFO  o.s.d.r.c.RepositoryConfigurationExtensionSupport - Spring Data Redis - Could not safely identify store assignment for repository candidate interface com.manage.userManagement.repository.ValidTokenRepository; If you want this repository to be a Redis repository, consider annotating your entities with one of these annotations: org.springframework.data.redis.core.RedisHash (preferred), or consider extending one of the following types with your repository: org.springframework.data.keyvalue.repository.KeyValueRepository
2024-07-09 22:49:54 [main] INFO  o.s.d.r.c.RepositoryConfigurationDelegate - Finished Spring Data repository scanning in 12 ms. Found 0 Redis repository interfaces.
2024-07-09 22:49:55 [main] INFO  o.s.b.w.e.tomcat.TomcatWebServer - Tomcat initialized with port 8080 (http)
2024-07-09 22:49:55 [main] INFO  o.a.catalina.core.StandardService - Starting service [Tomcat]
2024-07-09 22:49:55 [main] INFO  o.a.catalina.core.StandardEngine - Starting Servlet engine: [Apache Tomcat/10.1.24]
2024-07-09 22:49:55 [main] INFO  o.a.c.c.C.[Tomcat].[localhost].[/] - Initializing Spring embedded WebApplicationContext
2024-07-09 22:49:55 [main] INFO  o.s.b.w.s.c.ServletWebServerApplicationContext - Root WebApplicationContext: initialization completed in 3266 ms
2024-07-09 22:49:56 [main] INFO  o.s.o.j.p.SpringPersistenceUnitInfo - No LoadTimeWeaver setup: ignoring JPA class transformer
2024-07-09 22:49:56 [main] INFO  com.zaxxer.hikari.HikariDataSource - HikariPool-1 - Starting...
2024-07-09 22:49:57 [main] INFO  com.zaxxer.hikari.pool.HikariPool - HikariPool-1 - Added connection com.mysql.cj.jdbc.ConnectionImpl@1818390b
2024-07-09 22:49:57 [main] INFO  com.zaxxer.hikari.HikariDataSource - HikariPool-1 - Start completed.
2024-07-09 22:49:58 [main] INFO  o.s.o.j.LocalContainerEntityManagerFactoryBean - Initialized JPA EntityManagerFactory for persistence unit 'default'
2024-07-09 22:50:00 [main] INFO  c.m.u.service.MailSenderService - STREAM - Redis group already exists, skipping Redis group creation: EMAIL_GROUP
2024-07-09 22:50:00 [main] INFO  c.m.u.service.MailSenderService - create consumer consumer1
2024-07-09 22:50:00 [main] INFO  c.m.u.service.MailSenderService - create consumer consumer2
2024-07-09 22:50:00 [main] INFO  c.m.u.service.MailSenderService - create consumer consumer3
2024-07-09 22:50:00 [SimpleAsyncTaskExecutor-1] ERROR o.s.d.r.s.DefaultStreamMessageListenerContainer$LoggingErrorHandler - Unexpected error occurred in scheduled task
org.springframework.core.convert.ConversionFailedException: Failed to convert from type [org.springframework.data.redis.connection.stream.StreamRecords$ByteMapBackedRecord] to type [com.manage.userManagement.dto.request.EmailSenderRequest] for value [org.springframework.data.redis.connection.stream.StreamRecords$ByteMapBackedRecord@3f4ea5af]
	at org.springframework.data.redis.stream.StreamPollTask.convertRecord(StreamPollTask.java:178)
	at org.springframework.data.redis.stream.StreamPollTask.deserializeAndEmitRecords(StreamPollTask.java:156)
	at org.springframework.data.redis.stream.StreamPollTask.doLoop(StreamPollTask.java:128)
	at org.springframework.data.redis.stream.StreamPollTask.run(StreamPollTask.java:112)
	at java.base/java.lang.Thread.run(Thread.java:842)
Caused by: java.lang.IllegalArgumentException: Value must not be null
	at org.springframework.util.Assert.notNull(Assert.java:172)
	at org.springframework.data.redis.connection.stream.Record.of(Record.java:99)
	at org.springframework.data.redis.connection.stream.MapRecord.toObjectRecord(MapRecord.java:139)
	at org.springframework.data.redis.core.StreamObjectMapper.toObjectRecord(StreamObjectMapper.java:137)
	at org.springframework.data.redis.core.StreamOperations.map(StreamOperations.java:623)
	at org.springframework.data.redis.stream.DefaultStreamMessageListenerContainer.lambda$getDeserializer$2(DefaultStreamMessageListenerContainer.java:217)
	at org.springframework.data.redis.stream.StreamPollTask.convertRecord(StreamPollTask.java:176)
	... 4 common frames omitted
2024-07-09 22:50:00 [main] WARN  o.s.b.a.o.j.JpaBaseConfiguration$JpaWebConfiguration - spring.jpa.open-in-view is enabled by default. Therefore, database queries may be performed during view rendering. Explicitly configure spring.jpa.open-in-view to disable this warning
2024-07-09 22:50:00 [main] DEBUG o.s.w.s.m.m.a.RequestMappingHandlerMapping - 13 mappings in 'requestMappingHandlerMapping'
2024-07-09 22:50:00 [main] DEBUG o.s.w.s.h.SimpleUrlHandlerMapping - Patterns [/webjars/**, /**] in 'resourceHandlerMapping'
2024-07-09 22:50:00 [main] INFO  o.s.s.web.DefaultSecurityFilterChain - Will secure any request with [org.springframework.security.web.session.DisableEncodeUrlFilter@d7ce31c, org.springframework.security.web.context.request.async.WebAsyncManagerIntegrationFilter@5ccf1542, org.springframework.security.web.context.SecurityContextHolderFilter@3b9d5218, org.springframework.security.web.header.HeaderWriterFilter@16ea56ab, org.springframework.web.filter.CorsFilter@302fa67a, org.springframework.security.web.authentication.logout.LogoutFilter@1d4ee7d7, org.springframework.security.oauth2.server.resource.web.authentication.BearerTokenAuthenticationFilter@2ce80c85, org.springframework.security.web.savedrequest.RequestCacheAwareFilter@11261fc9, org.springframework.security.web.servletapi.SecurityContextHolderAwareRequestFilter@4015c65b, org.springframework.security.web.authentication.AnonymousAuthenticationFilter@794eb6e7, org.springframework.security.web.access.ExceptionTranslationFilter@590182a6, org.springframework.security.web.access.intercept.AuthorizationFilter@69e636cc]
2024-07-09 22:50:01 [main] DEBUG o.s.w.s.m.m.a.RequestMappingHandlerAdapter - ControllerAdvice beans: 0 @ModelAttribute, 0 @InitBinder, 1 RequestBodyAdvice, 1 ResponseBodyAdvice
2024-07-09 22:50:01 [main] DEBUG o.s.w.s.m.m.a.ExceptionHandlerExceptionResolver - ControllerAdvice beans: 1 @ExceptionHandler, 1 ResponseBodyAdvice
2024-07-09 22:50:01 [main] INFO  o.s.b.w.e.tomcat.TomcatWebServer - Tomcat started on port 8080 (http) with context path '/'
2024-07-09 22:50:01 [main] INFO  c.m.u.UserManagementApplication - Started UserManagementApplication in 10.159 seconds (process running for 11.637)
2024-07-09 22:50:01 [main] DEBUG org.hibernate.SQL - select u1_0.id,u1_0.address,u1_0.dob,u1_0.email,u1_0.gender,u1_0.name,u1_0.number,u1_0.password,u1_0.role,u1_0.username from user u1_0 where u1_0.username=?
2024-07-09 22:50:54 [http-nio-8080-exec-2] INFO  o.a.c.c.C.[Tomcat].[localhost].[/] - Initializing Spring DispatcherServlet 'dispatcherServlet'
2024-07-09 22:50:54 [http-nio-8080-exec-2] INFO  o.s.web.servlet.DispatcherServlet - Initializing Servlet 'dispatcherServlet'
2024-07-09 22:50:54 [http-nio-8080-exec-2] DEBUG o.s.web.servlet.DispatcherServlet - Detected StandardServletMultipartResolver
2024-07-09 22:50:54 [http-nio-8080-exec-2] DEBUG o.s.web.servlet.DispatcherServlet - Detected AcceptHeaderLocaleResolver
2024-07-09 22:50:54 [http-nio-8080-exec-2] DEBUG o.s.web.servlet.DispatcherServlet - Detected FixedThemeResolver
2024-07-09 22:50:54 [http-nio-8080-exec-2] DEBUG o.s.web.servlet.DispatcherServlet - Detected org.springframework.web.servlet.view.DefaultRequestToViewNameTranslator@7194f5b
2024-07-09 22:50:54 [http-nio-8080-exec-2] DEBUG o.s.web.servlet.DispatcherServlet - Detected org.springframework.web.servlet.support.SessionFlashMapManager@15c27b65
2024-07-09 22:50:54 [http-nio-8080-exec-2] DEBUG o.s.web.servlet.DispatcherServlet - enableLoggingRequestDetails='false': request parameters and headers will be masked to prevent unsafe logging of potentially sensitive data
2024-07-09 22:50:54 [http-nio-8080-exec-2] INFO  o.s.web.servlet.DispatcherServlet - Completed initialization in 6 ms
2024-07-09 22:50:54 [http-nio-8080-exec-2] DEBUG o.s.web.servlet.DispatcherServlet - POST "/email/send", parameters={}
2024-07-09 22:50:54 [http-nio-8080-exec-2] DEBUG o.s.w.s.m.m.a.RequestMappingHandlerMapping - Mapped to com.manage.userManagement.controller.MailSenderController#emailSender(EmailSenderRequest)
2024-07-09 22:50:54 [http-nio-8080-exec-2] DEBUG o.s.w.s.m.m.a.RequestResponseBodyMethodProcessor - Read "application/json;charset=UTF-8" to [EmailSenderRequest(to=ngthanhtamtb@gmail.com, subject=no-reply, body=No rep)]
2024-07-09 22:50:54 [SimpleAsyncTaskExecutor-3] ERROR o.s.d.r.s.DefaultStreamMessageListenerContainer$LoggingErrorHandler - Unexpected error occurred in scheduled task
org.springframework.core.convert.ConversionFailedException: Failed to convert from type [org.springframework.data.redis.connection.stream.StreamRecords$ByteMapBackedRecord] to type [com.manage.userManagement.dto.request.EmailSenderRequest] for value [org.springframework.data.redis.connection.stream.StreamRecords$ByteMapBackedRecord@4a20e6f5]
	at org.springframework.data.redis.stream.StreamPollTask.convertRecord(StreamPollTask.java:178)
	at org.springframework.data.redis.stream.StreamPollTask.deserializeAndEmitRecords(StreamPollTask.java:156)
	at org.springframework.data.redis.stream.StreamPollTask.doLoop(StreamPollTask.java:128)
	at org.springframework.data.redis.stream.StreamPollTask.run(StreamPollTask.java:112)
	at java.base/java.lang.Thread.run(Thread.java:842)
Caused by: java.lang.IllegalArgumentException: Value must not be null
	at org.springframework.util.Assert.notNull(Assert.java:172)
	at org.springframework.data.redis.connection.stream.Record.of(Record.java:99)
	at org.springframework.data.redis.connection.stream.MapRecord.toObjectRecord(MapRecord.java:139)
	at org.springframework.data.redis.core.StreamObjectMapper.toObjectRecord(StreamObjectMapper.java:137)
	at org.springframework.data.redis.core.StreamOperations.map(StreamOperations.java:623)
	at org.springframework.data.redis.stream.DefaultStreamMessageListenerContainer.lambda$getDeserializer$2(DefaultStreamMessageListenerContainer.java:217)
	at org.springframework.data.redis.stream.StreamPollTask.convertRecord(StreamPollTask.java:176)
	... 4 common frames omitted
2024-07-09 22:50:54 [SimpleAsyncTaskExecutor-2] ERROR o.s.d.r.s.DefaultStreamMessageListenerContainer$LoggingErrorHandler - Unexpected error occurred in scheduled task
org.springframework.core.convert.ConversionFailedException: Failed to convert from type [org.springframework.data.redis.connection.stream.StreamRecords$ByteMapBackedRecord] to type [com.manage.userManagement.dto.request.EmailSenderRequest] for value [org.springframework.data.redis.connection.stream.StreamRecords$ByteMapBackedRecord@469262b]
	at org.springframework.data.redis.stream.StreamPollTask.convertRecord(StreamPollTask.java:178)
	at org.springframework.data.redis.stream.StreamPollTask.deserializeAndEmitRecords(StreamPollTask.java:156)
	at org.springframework.data.redis.stream.StreamPollTask.doLoop(StreamPollTask.java:128)
	at org.springframework.data.redis.stream.StreamPollTask.run(StreamPollTask.java:112)
	at java.base/java.lang.Thread.run(Thread.java:842)
Caused by: java.lang.IllegalArgumentException: Value must not be null
	at org.springframework.util.Assert.notNull(Assert.java:172)
	at org.springframework.data.redis.connection.stream.Record.of(Record.java:99)
	at org.springframework.data.redis.connection.stream.MapRecord.toObjectRecord(MapRecord.java:139)
	at org.springframework.data.redis.core.StreamObjectMapper.toObjectRecord(StreamObjectMapper.java:137)
	at org.springframework.data.redis.core.StreamOperations.map(StreamOperations.java:623)
	at org.springframework.data.redis.stream.DefaultStreamMessageListenerContainer.lambda$getDeserializer$2(DefaultStreamMessageListenerContainer.java:217)
	at org.springframework.data.redis.stream.StreamPollTask.convertRecord(StreamPollTask.java:176)
	... 4 common frames omitted
2024-07-09 22:50:54 [http-nio-8080-exec-2] DEBUG o.s.w.s.m.m.a.HttpEntityMethodProcessor - Using 'text/plain', given [*/*] and supported [text/plain, */*, application/json, application/*+json]
2024-07-09 22:50:54 [http-nio-8080-exec-2] DEBUG o.s.w.s.m.m.a.HttpEntityMethodProcessor - Writing ["Email event sent!!!"]
2024-07-09 22:50:54 [http-nio-8080-exec-2] DEBUG o.s.web.servlet.DispatcherServlet - Completed 200 OK
2024-07-09 22:53:02 [SpringApplicationShutdownHook] INFO  o.s.o.j.LocalContainerEntityManagerFactoryBean - Closing JPA EntityManagerFactory for persistence unit 'default'
2024-07-09 22:53:02 [SpringApplicationShutdownHook] INFO  com.zaxxer.hikari.HikariDataSource - HikariPool-1 - Shutdown initiated...
2024-07-09 22:53:02 [SpringApplicationShutdownHook] INFO  com.zaxxer.hikari.HikariDataSource - HikariPool-1 - Shutdown completed.
2024-07-09 22:53:09 [main] INFO  c.m.u.UserManagementApplication - Starting UserManagementApplication using Java 17.0.10 with PID 12564 (C:\Users\Boot10\Downloads\user\target\classes started by Boot10 in C:\Users\Boot10\Downloads\user)
2024-07-09 22:53:09 [main] INFO  c.m.u.UserManagementApplication - No active profile set, falling back to 1 default profile: "default"
2024-07-09 22:53:10 [main] INFO  o.s.d.r.c.RepositoryConfigurationDelegate - Multiple Spring Data modules found, entering strict repository configuration mode
2024-07-09 22:53:10 [main] INFO  o.s.d.r.c.RepositoryConfigurationDelegate - Bootstrapping Spring Data JPA repositories in DEFAULT mode.
2024-07-09 22:53:10 [main] INFO  o.s.d.r.c.RepositoryConfigurationDelegate - Finished Spring Data repository scanning in 210 ms. Found 2 JPA repository interfaces.
2024-07-09 22:53:10 [main] INFO  o.s.d.r.c.RepositoryConfigurationDelegate - Multiple Spring Data modules found, entering strict repository configuration mode
2024-07-09 22:53:10 [main] INFO  o.s.d.r.c.RepositoryConfigurationDelegate - Bootstrapping Spring Data Redis repositories in DEFAULT mode.
2024-07-09 22:53:10 [main] INFO  o.s.d.r.c.RepositoryConfigurationExtensionSupport - Spring Data Redis - Could not safely identify store assignment for repository candidate interface com.manage.userManagement.repository.UserRepository; If you want this repository to be a Redis repository, consider annotating your entities with one of these annotations: org.springframework.data.redis.core.RedisHash (preferred), or consider extending one of the following types with your repository: org.springframework.data.keyvalue.repository.KeyValueRepository
2024-07-09 22:53:10 [main] INFO  o.s.d.r.c.RepositoryConfigurationExtensionSupport - Spring Data Redis - Could not safely identify store assignment for repository candidate interface com.manage.userManagement.repository.ValidTokenRepository; If you want this repository to be a Redis repository, consider annotating your entities with one of these annotations: org.springframework.data.redis.core.RedisHash (preferred), or consider extending one of the following types with your repository: org.springframework.data.keyvalue.repository.KeyValueRepository
2024-07-09 22:53:10 [main] INFO  o.s.d.r.c.RepositoryConfigurationDelegate - Finished Spring Data repository scanning in 14 ms. Found 0 Redis repository interfaces.
2024-07-09 22:53:12 [main] INFO  o.s.b.w.e.tomcat.TomcatWebServer - Tomcat initialized with port 8080 (http)
2024-07-09 22:53:12 [main] INFO  o.a.catalina.core.StandardService - Starting service [Tomcat]
2024-07-09 22:53:12 [main] INFO  o.a.catalina.core.StandardEngine - Starting Servlet engine: [Apache Tomcat/10.1.24]
2024-07-09 22:53:12 [main] INFO  o.a.c.c.C.[Tomcat].[localhost].[/] - Initializing Spring embedded WebApplicationContext
2024-07-09 22:53:12 [main] INFO  o.s.b.w.s.c.ServletWebServerApplicationContext - Root WebApplicationContext: initialization completed in 3124 ms
2024-07-09 22:53:13 [main] INFO  o.s.o.j.p.SpringPersistenceUnitInfo - No LoadTimeWeaver setup: ignoring JPA class transformer
2024-07-09 22:53:13 [main] INFO  com.zaxxer.hikari.HikariDataSource - HikariPool-1 - Starting...
2024-07-09 22:53:13 [main] INFO  com.zaxxer.hikari.pool.HikariPool - HikariPool-1 - Added connection com.mysql.cj.jdbc.ConnectionImpl@1e482ecd
2024-07-09 22:53:13 [main] INFO  com.zaxxer.hikari.HikariDataSource - HikariPool-1 - Start completed.
2024-07-09 22:53:15 [main] INFO  o.s.o.j.LocalContainerEntityManagerFactoryBean - Initialized JPA EntityManagerFactory for persistence unit 'default'
2024-07-09 22:53:17 [main] INFO  c.m.u.service.MailSenderService - STREAM - Redis group already exists, skipping Redis group creation: EMAIL_GROUP
2024-07-09 22:53:17 [main] INFO  c.m.u.service.MailSenderService - create consumer consumer1
2024-07-09 22:53:17 [main] INFO  c.m.u.service.MailSenderService - create consumer consumer2
2024-07-09 22:53:17 [main] INFO  c.m.u.service.MailSenderService - create consumer consumer3
2024-07-09 22:53:17 [SimpleAsyncTaskExecutor-1] ERROR o.s.d.r.s.DefaultStreamMessageListenerContainer$LoggingErrorHandler - Unexpected error occurred in scheduled task
org.springframework.core.convert.ConversionFailedException: Failed to convert from type [org.springframework.data.redis.connection.stream.StreamRecords$ByteMapBackedRecord] to type [com.manage.userManagement.dto.request.EmailSenderRequest] for value [org.springframework.data.redis.connection.stream.StreamRecords$ByteMapBackedRecord@171c7af4]
	at org.springframework.data.redis.stream.StreamPollTask.convertRecord(StreamPollTask.java:178)
	at org.springframework.data.redis.stream.StreamPollTask.deserializeAndEmitRecords(StreamPollTask.java:156)
	at org.springframework.data.redis.stream.StreamPollTask.doLoop(StreamPollTask.java:128)
	at org.springframework.data.redis.stream.StreamPollTask.run(StreamPollTask.java:112)
	at java.base/java.lang.Thread.run(Thread.java:842)
Caused by: java.lang.IllegalArgumentException: Value must not be null
	at org.springframework.util.Assert.notNull(Assert.java:172)
	at org.springframework.data.redis.connection.stream.Record.of(Record.java:99)
	at org.springframework.data.redis.connection.stream.MapRecord.toObjectRecord(MapRecord.java:139)
	at org.springframework.data.redis.core.StreamObjectMapper.toObjectRecord(StreamObjectMapper.java:137)
	at org.springframework.data.redis.core.StreamOperations.map(StreamOperations.java:623)
	at org.springframework.data.redis.stream.DefaultStreamMessageListenerContainer.lambda$getDeserializer$2(DefaultStreamMessageListenerContainer.java:217)
	at org.springframework.data.redis.stream.StreamPollTask.convertRecord(StreamPollTask.java:176)
	... 4 common frames omitted
2024-07-09 22:53:17 [main] WARN  o.s.b.a.o.j.JpaBaseConfiguration$JpaWebConfiguration - spring.jpa.open-in-view is enabled by default. Therefore, database queries may be performed during view rendering. Explicitly configure spring.jpa.open-in-view to disable this warning
2024-07-09 22:53:18 [main] DEBUG o.s.w.s.m.m.a.RequestMappingHandlerMapping - 13 mappings in 'requestMappingHandlerMapping'
2024-07-09 22:53:18 [main] DEBUG o.s.w.s.h.SimpleUrlHandlerMapping - Patterns [/webjars/**, /**] in 'resourceHandlerMapping'
2024-07-09 22:53:18 [main] INFO  o.s.s.web.DefaultSecurityFilterChain - Will secure any request with [org.springframework.security.web.session.DisableEncodeUrlFilter@7ff395fa, org.springframework.security.web.context.request.async.WebAsyncManagerIntegrationFilter@70efc3f9, org.springframework.security.web.context.SecurityContextHolderFilter@3554de46, org.springframework.security.web.header.HeaderWriterFilter@5ae3f536, org.springframework.web.filter.CorsFilter@27002c5a, org.springframework.security.web.authentication.logout.LogoutFilter@45b4d2ff, org.springframework.security.oauth2.server.resource.web.authentication.BearerTokenAuthenticationFilter@4cb37177, org.springframework.security.web.savedrequest.RequestCacheAwareFilter@3ec8c874, org.springframework.security.web.servletapi.SecurityContextHolderAwareRequestFilter@71443983, org.springframework.security.web.authentication.AnonymousAuthenticationFilter@69e636cc, org.springframework.security.web.access.ExceptionTranslationFilter@22e8f04c, org.springframework.security.web.access.intercept.AuthorizationFilter@66032b8d]
2024-07-09 22:53:18 [main] DEBUG o.s.w.s.m.m.a.RequestMappingHandlerAdapter - ControllerAdvice beans: 0 @ModelAttribute, 0 @InitBinder, 1 RequestBodyAdvice, 1 ResponseBodyAdvice
2024-07-09 22:53:18 [main] DEBUG o.s.w.s.m.m.a.ExceptionHandlerExceptionResolver - ControllerAdvice beans: 1 @ExceptionHandler, 1 ResponseBodyAdvice
2024-07-09 22:53:18 [main] INFO  o.s.b.w.e.tomcat.TomcatWebServer - Tomcat started on port 8080 (http) with context path '/'
2024-07-09 22:53:19 [main] INFO  c.m.u.UserManagementApplication - Started UserManagementApplication in 10.615 seconds (process running for 11.821)
2024-07-09 22:53:19 [main] DEBUG org.hibernate.SQL - select u1_0.id,u1_0.address,u1_0.dob,u1_0.email,u1_0.gender,u1_0.name,u1_0.number,u1_0.password,u1_0.role,u1_0.username from user u1_0 where u1_0.username=?
2024-07-09 22:56:30 [SpringApplicationShutdownHook] INFO  o.s.o.j.LocalContainerEntityManagerFactoryBean - Closing JPA EntityManagerFactory for persistence unit 'default'
2024-07-09 22:56:30 [SpringApplicationShutdownHook] INFO  com.zaxxer.hikari.HikariDataSource - HikariPool-1 - Shutdown initiated...
2024-07-09 22:56:30 [SpringApplicationShutdownHook] INFO  com.zaxxer.hikari.HikariDataSource - HikariPool-1 - Shutdown completed.
2024-07-09 22:56:36 [main] INFO  c.m.u.UserManagementApplication - Starting UserManagementApplication using Java 17.0.10 with PID 13552 (C:\Users\Boot10\Downloads\user\target\classes started by Boot10 in C:\Users\Boot10\Downloads\user)
2024-07-09 22:56:36 [main] INFO  c.m.u.UserManagementApplication - No active profile set, falling back to 1 default profile: "default"
2024-07-09 22:56:38 [main] INFO  o.s.d.r.c.RepositoryConfigurationDelegate - Multiple Spring Data modules found, entering strict repository configuration mode
2024-07-09 22:56:38 [main] INFO  o.s.d.r.c.RepositoryConfigurationDelegate - Bootstrapping Spring Data JPA repositories in DEFAULT mode.
2024-07-09 22:56:38 [main] INFO  o.s.d.r.c.RepositoryConfigurationDelegate - Finished Spring Data repository scanning in 259 ms. Found 2 JPA repository interfaces.
2024-07-09 22:56:38 [main] INFO  o.s.d.r.c.RepositoryConfigurationDelegate - Multiple Spring Data modules found, entering strict repository configuration mode
2024-07-09 22:56:38 [main] INFO  o.s.d.r.c.RepositoryConfigurationDelegate - Bootstrapping Spring Data Redis repositories in DEFAULT mode.
2024-07-09 22:56:38 [main] INFO  o.s.d.r.c.RepositoryConfigurationExtensionSupport - Spring Data Redis - Could not safely identify store assignment for repository candidate interface com.manage.userManagement.repository.UserRepository; If you want this repository to be a Redis repository, consider annotating your entities with one of these annotations: org.springframework.data.redis.core.RedisHash (preferred), or consider extending one of the following types with your repository: org.springframework.data.keyvalue.repository.KeyValueRepository
2024-07-09 22:56:38 [main] INFO  o.s.d.r.c.RepositoryConfigurationExtensionSupport - Spring Data Redis - Could not safely identify store assignment for repository candidate interface com.manage.userManagement.repository.ValidTokenRepository; If you want this repository to be a Redis repository, consider annotating your entities with one of these annotations: org.springframework.data.redis.core.RedisHash (preferred), or consider extending one of the following types with your repository: org.springframework.data.keyvalue.repository.KeyValueRepository
2024-07-09 22:56:38 [main] INFO  o.s.d.r.c.RepositoryConfigurationDelegate - Finished Spring Data repository scanning in 15 ms. Found 0 Redis repository interfaces.
2024-07-09 22:56:40 [main] INFO  o.s.b.w.e.tomcat.TomcatWebServer - Tomcat initialized with port 8080 (http)
2024-07-09 22:56:40 [main] INFO  o.a.catalina.core.StandardService - Starting service [Tomcat]
2024-07-09 22:56:40 [main] INFO  o.a.catalina.core.StandardEngine - Starting Servlet engine: [Apache Tomcat/10.1.24]
2024-07-09 22:56:40 [main] INFO  o.a.c.c.C.[Tomcat].[localhost].[/] - Initializing Spring embedded WebApplicationContext
2024-07-09 22:56:40 [main] INFO  o.s.b.w.s.c.ServletWebServerApplicationContext - Root WebApplicationContext: initialization completed in 3397 ms
2024-07-09 22:56:41 [main] INFO  o.s.o.j.p.SpringPersistenceUnitInfo - No LoadTimeWeaver setup: ignoring JPA class transformer
2024-07-09 22:56:41 [main] INFO  com.zaxxer.hikari.HikariDataSource - HikariPool-1 - Starting...
2024-07-09 22:56:42 [main] INFO  com.zaxxer.hikari.pool.HikariPool - HikariPool-1 - Added connection com.mysql.cj.jdbc.ConnectionImpl@93fb44
2024-07-09 22:56:42 [main] INFO  com.zaxxer.hikari.HikariDataSource - HikariPool-1 - Start completed.
2024-07-09 22:56:44 [main] INFO  o.s.o.j.LocalContainerEntityManagerFactoryBean - Initialized JPA EntityManagerFactory for persistence unit 'default'
2024-07-09 22:56:45 [main] INFO  c.m.u.service.MailSenderService - STREAM - Redis group already exists, skipping Redis group creation: EMAIL_GROUP
2024-07-09 22:56:45 [main] INFO  c.m.u.service.MailSenderService - create consumer consumer1
2024-07-09 22:56:45 [main] INFO  c.m.u.service.MailSenderService - create consumer consumer2
2024-07-09 22:56:45 [main] INFO  c.m.u.service.MailSenderService - create consumer consumer3
2024-07-09 22:56:46 [main] WARN  o.s.b.a.o.j.JpaBaseConfiguration$JpaWebConfiguration - spring.jpa.open-in-view is enabled by default. Therefore, database queries may be performed during view rendering. Explicitly configure spring.jpa.open-in-view to disable this warning
2024-07-09 22:56:46 [main] DEBUG o.s.w.s.m.m.a.RequestMappingHandlerMapping - 13 mappings in 'requestMappingHandlerMapping'
2024-07-09 22:56:46 [main] DEBUG o.s.w.s.h.SimpleUrlHandlerMapping - Patterns [/webjars/**, /**] in 'resourceHandlerMapping'
2024-07-09 22:56:46 [main] INFO  o.s.s.web.DefaultSecurityFilterChain - Will secure any request with [org.springframework.security.web.session.DisableEncodeUrlFilter@76a5a831, org.springframework.security.web.context.request.async.WebAsyncManagerIntegrationFilter@63064672, org.springframework.security.web.context.SecurityContextHolderFilter@5a318745, org.springframework.security.web.header.HeaderWriterFilter@76603c44, org.springframework.web.filter.CorsFilter@59dae020, org.springframework.security.web.authentication.logout.LogoutFilter@5546a9e0, org.springframework.security.oauth2.server.resource.web.authentication.BearerTokenAuthenticationFilter@3701acee, org.springframework.security.web.savedrequest.RequestCacheAwareFilter@6fb8cfa7, org.springframework.security.web.servletapi.SecurityContextHolderAwareRequestFilter@41d34a11, org.springframework.security.web.authentication.AnonymousAuthenticationFilter@25767bd9, org.springframework.security.web.access.ExceptionTranslationFilter@11261fc9, org.springframework.security.web.access.intercept.AuthorizationFilter@3bd466bd]
2024-07-09 22:56:46 [main] DEBUG o.s.w.s.m.m.a.RequestMappingHandlerAdapter - ControllerAdvice beans: 0 @ModelAttribute, 0 @InitBinder, 1 RequestBodyAdvice, 1 ResponseBodyAdvice
2024-07-09 22:56:46 [main] DEBUG o.s.w.s.m.m.a.ExceptionHandlerExceptionResolver - ControllerAdvice beans: 1 @ExceptionHandler, 1 ResponseBodyAdvice
2024-07-09 22:56:47 [main] INFO  o.s.b.w.e.tomcat.TomcatWebServer - Tomcat started on port 8080 (http) with context path '/'
2024-07-09 22:56:47 [main] INFO  c.m.u.UserManagementApplication - Started UserManagementApplication in 11.088 seconds (process running for 12.22)
2024-07-09 22:56:47 [main] DEBUG org.hibernate.SQL - select u1_0.id,u1_0.address,u1_0.dob,u1_0.email,u1_0.gender,u1_0.name,u1_0.number,u1_0.password,u1_0.role,u1_0.username from user u1_0 where u1_0.username=?
2024-07-09 22:57:13 [http-nio-8080-exec-2] INFO  o.a.c.c.C.[Tomcat].[localhost].[/] - Initializing Spring DispatcherServlet 'dispatcherServlet'
2024-07-09 22:57:13 [http-nio-8080-exec-2] INFO  o.s.web.servlet.DispatcherServlet - Initializing Servlet 'dispatcherServlet'
2024-07-09 22:57:13 [http-nio-8080-exec-2] DEBUG o.s.web.servlet.DispatcherServlet - Detected StandardServletMultipartResolver
2024-07-09 22:57:13 [http-nio-8080-exec-2] DEBUG o.s.web.servlet.DispatcherServlet - Detected AcceptHeaderLocaleResolver
2024-07-09 22:57:13 [http-nio-8080-exec-2] DEBUG o.s.web.servlet.DispatcherServlet - Detected FixedThemeResolver
2024-07-09 22:57:13 [http-nio-8080-exec-2] DEBUG o.s.web.servlet.DispatcherServlet - Detected org.springframework.web.servlet.view.DefaultRequestToViewNameTranslator@68950f25
2024-07-09 22:57:13 [http-nio-8080-exec-2] DEBUG o.s.web.servlet.DispatcherServlet - Detected org.springframework.web.servlet.support.SessionFlashMapManager@2baf2c6
2024-07-09 22:57:13 [http-nio-8080-exec-2] DEBUG o.s.web.servlet.DispatcherServlet - enableLoggingRequestDetails='false': request parameters and headers will be masked to prevent unsafe logging of potentially sensitive data
2024-07-09 22:57:13 [http-nio-8080-exec-2] INFO  o.s.web.servlet.DispatcherServlet - Completed initialization in 5 ms
2024-07-09 22:57:13 [http-nio-8080-exec-2] DEBUG o.s.web.servlet.DispatcherServlet - POST "/email/send", parameters={}
2024-07-09 22:57:13 [http-nio-8080-exec-2] DEBUG o.s.w.s.m.m.a.RequestMappingHandlerMapping - Mapped to com.manage.userManagement.controller.MailSenderController#emailSender(EmailSenderRequest)
2024-07-09 22:57:13 [http-nio-8080-exec-2] DEBUG o.s.w.s.m.m.a.RequestResponseBodyMethodProcessor - Read "application/json;charset=UTF-8" to [EmailSenderRequest(to=ngthanhtamtb@gmail.com, subject=no-reply, body=No rep)]
2024-07-09 22:57:13 [SimpleAsyncTaskExecutor-3] ERROR o.s.d.r.s.DefaultStreamMessageListenerContainer$LoggingErrorHandler - Unexpected error occurred in scheduled task
org.springframework.core.convert.ConversionFailedException: Failed to convert from type [org.springframework.data.redis.connection.stream.StreamRecords$ByteMapBackedRecord] to type [com.manage.userManagement.dto.request.EmailSenderRequest] for value [org.springframework.data.redis.connection.stream.StreamRecords$ByteMapBackedRecord@bb10b76]
	at org.springframework.data.redis.stream.StreamPollTask.convertRecord(StreamPollTask.java:178)
	at org.springframework.data.redis.stream.StreamPollTask.deserializeAndEmitRecords(StreamPollTask.java:156)
	at org.springframework.data.redis.stream.StreamPollTask.doLoop(StreamPollTask.java:128)
	at org.springframework.data.redis.stream.StreamPollTask.run(StreamPollTask.java:112)
	at java.base/java.lang.Thread.run(Thread.java:842)
Caused by: java.lang.IllegalArgumentException: Value must not be null
	at org.springframework.util.Assert.notNull(Assert.java:172)
	at org.springframework.data.redis.connection.stream.Record.of(Record.java:99)
	at org.springframework.data.redis.connection.stream.MapRecord.toObjectRecord(MapRecord.java:139)
	at org.springframework.data.redis.core.StreamObjectMapper.toObjectRecord(StreamObjectMapper.java:137)
	at org.springframework.data.redis.core.StreamOperations.map(StreamOperations.java:623)
	at org.springframework.data.redis.stream.DefaultStreamMessageListenerContainer.lambda$getDeserializer$2(DefaultStreamMessageListenerContainer.java:217)
	at org.springframework.data.redis.stream.StreamPollTask.convertRecord(StreamPollTask.java:176)
	... 4 common frames omitted
2024-07-09 22:57:13 [SimpleAsyncTaskExecutor-2] ERROR o.s.d.r.s.DefaultStreamMessageListenerContainer$LoggingErrorHandler - Unexpected error occurred in scheduled task
org.springframework.core.convert.ConversionFailedException: Failed to convert from type [org.springframework.data.redis.connection.stream.StreamRecords$ByteMapBackedRecord] to type [com.manage.userManagement.dto.request.EmailSenderRequest] for value [org.springframework.data.redis.connection.stream.StreamRecords$ByteMapBackedRecord@52a9c11e]
	at org.springframework.data.redis.stream.StreamPollTask.convertRecord(StreamPollTask.java:178)
	at org.springframework.data.redis.stream.StreamPollTask.deserializeAndEmitRecords(StreamPollTask.java:156)
	at org.springframework.data.redis.stream.StreamPollTask.doLoop(StreamPollTask.java:128)
	at org.springframework.data.redis.stream.StreamPollTask.run(StreamPollTask.java:112)
	at java.base/java.lang.Thread.run(Thread.java:842)
Caused by: java.lang.IllegalArgumentException: Value must not be null
	at org.springframework.util.Assert.notNull(Assert.java:172)
	at org.springframework.data.redis.connection.stream.Record.of(Record.java:99)
	at org.springframework.data.redis.connection.stream.MapRecord.toObjectRecord(MapRecord.java:139)
	at org.springframework.data.redis.core.StreamObjectMapper.toObjectRecord(StreamObjectMapper.java:137)
	at org.springframework.data.redis.core.StreamOperations.map(StreamOperations.java:623)
	at org.springframework.data.redis.stream.DefaultStreamMessageListenerContainer.lambda$getDeserializer$2(DefaultStreamMessageListenerContainer.java:217)
	at org.springframework.data.redis.stream.StreamPollTask.convertRecord(StreamPollTask.java:176)
	... 4 common frames omitted
2024-07-09 22:57:13 [SimpleAsyncTaskExecutor-1] ERROR o.s.d.r.s.DefaultStreamMessageListenerContainer$LoggingErrorHandler - Unexpected error occurred in scheduled task
org.springframework.core.convert.ConversionFailedException: Failed to convert from type [org.springframework.data.redis.connection.stream.StreamRecords$ByteMapBackedRecord] to type [com.manage.userManagement.dto.request.EmailSenderRequest] for value [org.springframework.data.redis.connection.stream.StreamRecords$ByteMapBackedRecord@2d1867a8]
	at org.springframework.data.redis.stream.StreamPollTask.convertRecord(StreamPollTask.java:178)
	at org.springframework.data.redis.stream.StreamPollTask.deserializeAndEmitRecords(StreamPollTask.java:156)
	at org.springframework.data.redis.stream.StreamPollTask.doLoop(StreamPollTask.java:128)
	at org.springframework.data.redis.stream.StreamPollTask.run(StreamPollTask.java:112)
	at java.base/java.lang.Thread.run(Thread.java:842)
Caused by: java.lang.IllegalArgumentException: Value must not be null
	at org.springframework.util.Assert.notNull(Assert.java:172)
	at org.springframework.data.redis.connection.stream.Record.of(Record.java:99)
	at org.springframework.data.redis.connection.stream.MapRecord.toObjectRecord(MapRecord.java:139)
	at org.springframework.data.redis.core.StreamObjectMapper.toObjectRecord(StreamObjectMapper.java:137)
	at org.springframework.data.redis.core.StreamOperations.map(StreamOperations.java:623)
	at org.springframework.data.redis.stream.DefaultStreamMessageListenerContainer.lambda$getDeserializer$2(DefaultStreamMessageListenerContainer.java:217)
	at org.springframework.data.redis.stream.StreamPollTask.convertRecord(StreamPollTask.java:176)
	... 4 common frames omitted
2024-07-09 22:57:13 [http-nio-8080-exec-2] DEBUG o.s.w.s.m.m.a.HttpEntityMethodProcessor - Using 'text/plain', given [*/*] and supported [text/plain, */*, application/json, application/*+json]
2024-07-09 22:57:13 [http-nio-8080-exec-2] DEBUG o.s.w.s.m.m.a.HttpEntityMethodProcessor - Writing ["Email event sent!!!"]
2024-07-09 22:57:13 [http-nio-8080-exec-2] DEBUG o.s.web.servlet.DispatcherServlet - Completed 200 OK
2024-07-09 23:25:25 [SpringApplicationShutdownHook] INFO  o.s.o.j.LocalContainerEntityManagerFactoryBean - Closing JPA EntityManagerFactory for persistence unit 'default'
2024-07-09 23:25:25 [SpringApplicationShutdownHook] INFO  com.zaxxer.hikari.HikariDataSource - HikariPool-1 - Shutdown initiated...
2024-07-09 23:25:26 [SpringApplicationShutdownHook] INFO  com.zaxxer.hikari.HikariDataSource - HikariPool-1 - Shutdown completed.
